This is pdfTeX, Version 3.14159265-2.6-1.40.16 (TeX Live 2015) (preloaded format=pdflatex 2015.10.20)  10 DEC 2015 22:23
entering extended mode
 \write18 enabled.
 %&-line parsing enabled.
**FYS3150_Project-5_report.tex
(./FYS3150_Project-5_report.tex
LaTeX2e <2015/01/01>
Babel <3.9l> and hyphenation patterns for 79 languages loaded.
(/usr/local/texlive/2015/texmf-dist/tex/latex/base/article.cls
Document Class: article 2014/09/29 v1.4h Standard LaTeX document class
(/usr/local/texlive/2015/texmf-dist/tex/latex/base/size11.clo
File: size11.clo 2014/09/29 v1.4h Standard LaTeX file (size option)
)
\c@part=\count79
\c@section=\count80
\c@subsection=\count81
\c@subsubsection=\count82
\c@paragraph=\count83
\c@subparagraph=\count84
\c@figure=\count85
\c@table=\count86
\abovecaptionskip=\skip41
\belowcaptionskip=\skip42
\bibindent=\dimen102
)
(/usr/local/texlive/2015/texmf-dist/tex/latex/tools/afterpage.sty
Package: afterpage 2014/10/28 v1.08 After-Page Package (DPC)
\AP@output=\toks14
\AP@partial=\box26
\AP@footins=\box27
)
(/usr/local/texlive/2015/texmf-dist/tex/latex/multirow/multirow.sty
\bigstrutjot=\dimen103
)
(/usr/local/texlive/2015/texmf-dist/tex/latex/amsmath/amsmath.sty
Package: amsmath 2013/01/14 v2.14 AMS math features
\@mathmargin=\skip43

For additional information on amsmath, use the `?' option.
(/usr/local/texlive/2015/texmf-dist/tex/latex/amsmath/amstext.sty
Package: amstext 2000/06/29 v2.01

(/usr/local/texlive/2015/texmf-dist/tex/latex/amsmath/amsgen.sty
File: amsgen.sty 1999/11/30 v2.0
\@emptytoks=\toks15
\ex@=\dimen104
))
(/usr/local/texlive/2015/texmf-dist/tex/latex/amsmath/amsbsy.sty
Package: amsbsy 1999/11/29 v1.2d
\pmbraise@=\dimen105
)
(/usr/local/texlive/2015/texmf-dist/tex/latex/amsmath/amsopn.sty
Package: amsopn 1999/12/14 v2.01 operator names
)
\inf@bad=\count87
LaTeX Info: Redefining \frac on input line 210.
\uproot@=\count88
\leftroot@=\count89
LaTeX Info: Redefining \overline on input line 306.
\classnum@=\count90
\DOTSCASE@=\count91
LaTeX Info: Redefining \ldots on input line 378.
LaTeX Info: Redefining \dots on input line 381.
LaTeX Info: Redefining \cdots on input line 466.
\Mathstrutbox@=\box28
\strutbox@=\box29
\big@size=\dimen106
LaTeX Font Info:    Redeclaring font encoding OML on input line 566.
LaTeX Font Info:    Redeclaring font encoding OMS on input line 567.
\macc@depth=\count92
\c@MaxMatrixCols=\count93
\dotsspace@=\muskip10
\c@parentequation=\count94
\dspbrk@lvl=\count95
\tag@help=\toks16
\row@=\count96
\column@=\count97
\maxfields@=\count98
\andhelp@=\toks17
\eqnshift@=\dimen107
\alignsep@=\dimen108
\tagshift@=\dimen109
\tagwidth@=\dimen110
\totwidth@=\dimen111
\lineht@=\dimen112
\@envbody=\toks18
\multlinegap=\skip44
\multlinetaggap=\skip45
\mathdisplay@stack=\toks19
LaTeX Info: Redefining \[ on input line 2665.
LaTeX Info: Redefining \] on input line 2666.
)
(/usr/local/texlive/2015/texmf-dist/tex/latex/amsfonts/amssymb.sty
Package: amssymb 2013/01/14 v3.01 AMS font symbols

(/usr/local/texlive/2015/texmf-dist/tex/latex/amsfonts/amsfonts.sty
Package: amsfonts 2013/01/14 v3.01 Basic AMSFonts support
\symAMSa=\mathgroup4
\symAMSb=\mathgroup5
LaTeX Font Info:    Overwriting math alphabet `\mathfrak' in version `bold'
(Font)                  U/euf/m/n --> U/euf/b/n on input line 106.
))
(/usr/local/texlive/2015/texmf-dist/tex/latex/hyperref/hyperref.sty
Package: hyperref 2012/11/06 v6.83m Hypertext links for LaTeX

(/usr/local/texlive/2015/texmf-dist/tex/generic/oberdiek/hobsub-hyperref.sty
Package: hobsub-hyperref 2012/05/28 v1.13 Bundle oberdiek, subset hyperref (HO)


(/usr/local/texlive/2015/texmf-dist/tex/generic/oberdiek/hobsub-generic.sty
Package: hobsub-generic 2012/05/28 v1.13 Bundle oberdiek, subset generic (HO)
Package: hobsub 2012/05/28 v1.13 Construct package bundles (HO)
Package: infwarerr 2010/04/08 v1.3 Providing info/warning/error messages (HO)
Package: ltxcmds 2011/11/09 v1.22 LaTeX kernel commands for general use (HO)
Package: ifluatex 2010/03/01 v1.3 Provides the ifluatex switch (HO)
Package ifluatex Info: LuaTeX not detected.
Package: ifvtex 2010/03/01 v1.5 Detect VTeX and its facilities (HO)
Package ifvtex Info: VTeX not detected.
Package: intcalc 2007/09/27 v1.1 Expandable calculations with integers (HO)
Package: ifpdf 2011/01/30 v2.3 Provides the ifpdf switch (HO)
Package ifpdf Info: pdfTeX in PDF mode is detected.
Package: etexcmds 2011/02/16 v1.5 Avoid name clashes with e-TeX commands (HO)
Package etexcmds Info: Could not find \expanded.
(etexcmds)             That can mean that you are not using pdfTeX 1.50 or
(etexcmds)             that some package has redefined \expanded.
(etexcmds)             In the latter case, load this package earlier.
Package: kvsetkeys 2012/04/25 v1.16 Key value parser (HO)
Package: kvdefinekeys 2011/04/07 v1.3 Define keys (HO)
Package: pdftexcmds 2011/11/29 v0.20 Utility functions of pdfTeX for LuaTeX (HO
)
Package pdftexcmds Info: LuaTeX not detected.
Package pdftexcmds Info: \pdf@primitive is available.
Package pdftexcmds Info: \pdf@ifprimitive is available.
Package pdftexcmds Info: \pdfdraftmode found.
Package: pdfescape 2011/11/25 v1.13 Implements pdfTeX's escape features (HO)
Package: bigintcalc 2012/04/08 v1.3 Expandable calculations on big integers (HO
)
Package: bitset 2011/01/30 v1.1 Handle bit-vector datatype (HO)
Package: uniquecounter 2011/01/30 v1.2 Provide unlimited unique counter (HO)
)
Package hobsub Info: Skipping package `hobsub' (already loaded).
Package: letltxmacro 2010/09/02 v1.4 Let assignment for LaTeX macros (HO)
Package: hopatch 2012/05/28 v1.2 Wrapper for package hooks (HO)
Package: xcolor-patch 2011/01/30 xcolor patch
Package: atveryend 2011/06/30 v1.8 Hooks at the very end of document (HO)
Package atveryend Info: \AP@enddocument detected (standard20110627).
Package: atbegshi 2011/10/05 v1.16 At begin shipout hook (HO)
Package: refcount 2011/10/16 v3.4 Data extraction from label references (HO)
Package: hycolor 2011/01/30 v1.7 Color options for hyperref/bookmark (HO)
)
(/usr/local/texlive/2015/texmf-dist/tex/latex/graphics/keyval.sty
Package: keyval 2014/10/28 v1.15 key=value parser (DPC)
\KV@toks@=\toks20
)
(/usr/local/texlive/2015/texmf-dist/tex/generic/ifxetex/ifxetex.sty
Package: ifxetex 2010/09/12 v0.6 Provides ifxetex conditional
)
(/usr/local/texlive/2015/texmf-dist/tex/latex/oberdiek/auxhook.sty
Package: auxhook 2011/03/04 v1.3 Hooks for auxiliary files (HO)
)
(/usr/local/texlive/2015/texmf-dist/tex/latex/oberdiek/kvoptions.sty
Package: kvoptions 2011/06/30 v3.11 Key value format for package options (HO)
)
\@linkdim=\dimen113
\Hy@linkcounter=\count99
\Hy@pagecounter=\count100

(/usr/local/texlive/2015/texmf-dist/tex/latex/hyperref/pd1enc.def
File: pd1enc.def 2012/11/06 v6.83m Hyperref: PDFDocEncoding definition (HO)
)
\Hy@SavedSpaceFactor=\count101

(/usr/local/texlive/2015/texmf-dist/tex/latex/latexconfig/hyperref.cfg
File: hyperref.cfg 2002/06/06 v1.2 hyperref configuration of TeXLive
)
Package hyperref Info: Option `colorlinks' set `true' on input line 4319.
Package hyperref Info: Hyper figures OFF on input line 4443.
Package hyperref Info: Link nesting OFF on input line 4448.
Package hyperref Info: Hyper index ON on input line 4451.
Package hyperref Info: Plain pages OFF on input line 4458.
Package hyperref Info: Backreferencing OFF on input line 4463.
Package hyperref Info: Implicit mode ON; LaTeX internals redefined.
Package hyperref Info: Bookmarks ON on input line 4688.
\c@Hy@tempcnt=\count102

(/usr/local/texlive/2015/texmf-dist/tex/latex/url/url.sty
\Urlmuskip=\muskip11
Package: url 2013/09/16  ver 3.4  Verb mode for urls, etc.
)
LaTeX Info: Redefining \url on input line 5041.
\XeTeXLinkMargin=\dimen114
\Fld@menulength=\count103
\Field@Width=\dimen115
\Fld@charsize=\dimen116
Package hyperref Info: Hyper figures OFF on input line 6295.
Package hyperref Info: Link nesting OFF on input line 6300.
Package hyperref Info: Hyper index ON on input line 6303.
Package hyperref Info: backreferencing OFF on input line 6310.
Package hyperref Info: Link coloring ON on input line 6313.
Package hyperref Info: Link coloring with OCG OFF on input line 6320.
Package hyperref Info: PDF/A mode OFF on input line 6325.
LaTeX Info: Redefining \ref on input line 6365.
LaTeX Info: Redefining \pageref on input line 6369.
\Hy@abspage=\count104
\c@Item=\count105
\c@Hfootnote=\count106
)

Package hyperref Message: Driver (autodetected): hpdftex.

(/usr/local/texlive/2015/texmf-dist/tex/latex/hyperref/hpdftex.def
File: hpdftex.def 2012/11/06 v6.83m Hyperref driver for pdfTeX
\Fld@listcount=\count107
\c@bookmark@seq@number=\count108

(/usr/local/texlive/2015/texmf-dist/tex/latex/oberdiek/rerunfilecheck.sty
Package: rerunfilecheck 2011/04/15 v1.7 Rerun checks for auxiliary files (HO)
Package uniquecounter Info: New unique counter `rerunfilecheck' on input line 2
82.
)
\Hy@SectionHShift=\skip46
)
(/usr/local/texlive/2015/texmf-dist/tex/latex/listings/listings.sty
\lst@mode=\count109
\lst@gtempboxa=\box30
\lst@token=\toks21
\lst@length=\count110
\lst@currlwidth=\dimen117
\lst@column=\count111
\lst@pos=\count112
\lst@lostspace=\dimen118
\lst@width=\dimen119
\lst@newlines=\count113
\lst@lineno=\count114
\lst@maxwidth=\dimen120

(/usr/local/texlive/2015/texmf-dist/tex/latex/listings/lstmisc.sty
File: lstmisc.sty 2014/09/06 1.5e (Carsten Heinz)
\c@lstnumber=\count115
\lst@skipnumbers=\count116
\lst@framebox=\box31
)
(/usr/local/texlive/2015/texmf-dist/tex/latex/listings/listings.cfg
File: listings.cfg 2014/09/06 1.5e listings configuration
))
Package: listings 2014/09/06 1.5e (Carsten Heinz)

(/usr/local/texlive/2015/texmf-dist/tex/latex/xcolor/xcolor.sty
Package: xcolor 2007/01/21 v2.11 LaTeX color extensions (UK)

(/usr/local/texlive/2015/texmf-dist/tex/latex/latexconfig/color.cfg
File: color.cfg 2007/01/18 v1.5 color configuration of teTeX/TeXLive
)
Package xcolor Info: Driver file: pdftex.def on input line 225.

(/usr/local/texlive/2015/texmf-dist/tex/latex/pdftex-def/pdftex.def
File: pdftex.def 2011/05/27 v0.06d Graphics/color for pdfTeX
\Gread@gobject=\count117
)
Package xcolor Info: Model `cmy' substituted by `cmy0' on input line 1337.
Package xcolor Info: Model `hsb' substituted by `rgb' on input line 1341.
Package xcolor Info: Model `RGB' extended on input line 1353.
Package xcolor Info: Model `HTML' substituted by `rgb' on input line 1355.
Package xcolor Info: Model `Hsb' substituted by `hsb' on input line 1356.
Package xcolor Info: Model `tHsb' substituted by `hsb' on input line 1357.
Package xcolor Info: Model `HSB' substituted by `hsb' on input line 1358.
Package xcolor Info: Model `Gray' substituted by `gray' on input line 1359.
Package xcolor Info: Model `wave' substituted by `hsb' on input line 1360.
)
(/usr/local/texlive/2015/texmf-dist/tex/latex/graphics/graphicx.sty
Package: graphicx 2014/10/28 v1.0g Enhanced LaTeX Graphics (DPC,SPQR)

(/usr/local/texlive/2015/texmf-dist/tex/latex/graphics/graphics.sty
Package: graphics 2014/10/28 v1.0p Standard LaTeX Graphics (DPC,SPQR)

(/usr/local/texlive/2015/texmf-dist/tex/latex/graphics/trig.sty
Package: trig 1999/03/16 v1.09 sin cos tan (DPC)
)
(/usr/local/texlive/2015/texmf-dist/tex/latex/latexconfig/graphics.cfg
File: graphics.cfg 2010/04/23 v1.9 graphics configuration of TeX Live
)
Package graphics Info: Driver file: pdftex.def on input line 94.
)
\Gin@req@height=\dimen121
\Gin@req@width=\dimen122
)
(/usr/local/texlive/2015/texmf-dist/tex/latex/adjustbox/adjustbox.sty
Package: adjustbox 2012/05/21 v1.0 Adjusting TeX boxes (trim, clip, ...)

(/usr/local/texlive/2015/texmf-dist/tex/latex/xkeyval/xkeyval.sty
Package: xkeyval 2014/12/03 v2.7a package option processing (HA)

(/usr/local/texlive/2015/texmf-dist/tex/generic/xkeyval/xkeyval.tex
(/usr/local/texlive/2015/texmf-dist/tex/generic/xkeyval/xkvutils.tex
\XKV@toks=\toks22
\XKV@tempa@toks=\toks23
)
\XKV@depth=\count118
File: xkeyval.tex 2014/12/03 v2.7a key=value parser (HA)
))
(/usr/local/texlive/2015/texmf-dist/tex/latex/adjustbox/adjcalc.sty
Package: adjcalc 2012/05/16 v1.1 Provides advanced setlength with multiple back
-ends (calc, etex, pgfmath)
)
(/usr/local/texlive/2015/texmf-dist/tex/latex/adjustbox/trimclip.sty
Package: trimclip 2012/05/16 v1.0 Trim and clip general TeX material

(/usr/local/texlive/2015/texmf-dist/tex/latex/collectbox/collectbox.sty
Package: collectbox 2012/05/17 v0.4b Collect macro arguments as boxes
\collectedbox=\box32
)
\tc@llx=\dimen123
\tc@lly=\dimen124
\tc@urx=\dimen125
\tc@ury=\dimen126
Package trimclip Info: Using driver 'tc-pdftex.def'.

(/usr/local/texlive/2015/texmf-dist/tex/latex/adjustbox/tc-pdftex.def
File: tc-pdftex.def 2012/05/13 v1.0 Clipping driver for pdftex
))
\adjbox@Width=\dimen127
\adjbox@Height=\dimen128
\adjbox@Depth=\dimen129
\adjbox@Totalheight=\dimen130

(/usr/local/texlive/2015/texmf-dist/tex/latex/ifoddpage/ifoddpage.sty
Package: ifoddpage 2011/09/13 v1.0 Conditionals for odd/even page detection
\c@checkoddpage=\count119
)
(/usr/local/texlive/2015/texmf-dist/tex/latex/varwidth/varwidth.sty
Package: varwidth 2009/03/30 ver 0.92;  Variable-width minipages
\@vwid@box=\box33
\sift@deathcycles=\count120
\@vwid@loff=\dimen131
\@vwid@roff=\dimen132
))
(/usr/local/texlive/2015/texmf-dist/tex/latex/calrsfs/calrsfs.sty
\symrsfscript=\mathgroup6
)
(/usr/local/texlive/2015/texmf-dist/tex/latex/base/fontenc.sty
Package: fontenc 2005/09/27 v1.99g Standard LaTeX package

(/usr/local/texlive/2015/texmf-dist/tex/latex/base/t1enc.def
File: t1enc.def 2005/09/27 v1.99g Standard LaTeX file
LaTeX Font Info:    Redeclaring font encoding T1 on input line 48.
))
(/usr/local/texlive/2015/texmf-dist/tex/latex/microtype/microtype.sty
Package: microtype 2013/05/23 v2.5a Micro-typographical refinements (RS)
\MT@toks=\toks24
\MT@count=\count121
LaTeX Info: Redefining \textls on input line 766.
\MT@outer@kern=\dimen133
LaTeX Info: Redefining \textmicrotypecontext on input line 1285.
\MT@listname@count=\count122

(/usr/local/texlive/2015/texmf-dist/tex/latex/microtype/microtype-pdftex.def
File: microtype-pdftex.def 2013/05/23 v2.5a Definitions specific to pdftex (RS)

LaTeX Info: Redefining \lsstyle on input line 915.
LaTeX Info: Redefining \lslig on input line 915.
\MT@outer@space=\skip47
)
Package microtype Info: Loading configuration file microtype.cfg.

(/usr/local/texlive/2015/texmf-dist/tex/latex/microtype/microtype.cfg
File: microtype.cfg 2013/05/23 v2.5a microtype main configuration file (RS)
))
(/usr/local/texlive/2015/texmf-dist/tex/latex/geometry/geometry.sty
Package: geometry 2010/09/12 v5.6 Page Geometry
\Gm@cnth=\count123
\Gm@cntv=\count124
\c@Gm@tempcnt=\count125
\Gm@bindingoffset=\dimen134
\Gm@wd@mp=\dimen135
\Gm@odd@mp=\dimen136
\Gm@even@mp=\dimen137
\Gm@layoutwidth=\dimen138
\Gm@layoutheight=\dimen139
\Gm@layouthoffset=\dimen140
\Gm@layoutvoffset=\dimen141
\Gm@dimlist=\toks25
)
(/usr/local/texlive/2015/texmf-dist/tex/latex/tools/multicol.sty
Package: multicol 2015/03/31 v1.8m multicolumn formatting (FMi)
\c@tracingmulticols=\count126
\mult@box=\box34
\multicol@leftmargin=\dimen142
\c@unbalance=\count127
\c@collectmore=\count128
\doublecol@number=\count129
\multicoltolerance=\count130
\multicolpretolerance=\count131
\full@width=\dimen143
\page@free=\dimen144
\premulticols=\dimen145
\postmulticols=\dimen146
\multicolsep=\skip48
\multicolbaselineskip=\skip49
\partial@page=\box35
\last@line=\box36
\maxbalancingoverflow=\dimen147
\mult@rightbox=\box37
\mult@grightbox=\box38
\mult@gfirstbox=\box39
\mult@firstbox=\box40
\@tempa=\box41
\@tempa=\box42
\@tempa=\box43
\@tempa=\box44
\@tempa=\box45
\@tempa=\box46
\@tempa=\box47
\@tempa=\box48
\@tempa=\box49
\@tempa=\box50
\@tempa=\box51
\@tempa=\box52
\@tempa=\box53
\@tempa=\box54
\@tempa=\box55
\@tempa=\box56
\@tempa=\box57
\c@columnbadness=\count132
\c@finalcolumnbadness=\count133
\last@try=\dimen148
\multicolovershoot=\dimen149
\multicolundershoot=\dimen150
\mult@nat@firstbox=\box58
\colbreak@box=\box59
\mc@col@check@num=\count134
)
(/usr/local/texlive/2015/texmf-dist/tex/latex/caption/caption.sty
Package: caption 2013/05/02 v3.3-89 Customizing captions (AR)

(/usr/local/texlive/2015/texmf-dist/tex/latex/caption/caption3.sty
Package: caption3 2013/05/02 v1.6-88 caption3 kernel (AR)
Package caption3 Info: TeX engine: e-TeX on input line 57.
\captionmargin=\dimen151
\captionmargin@=\dimen152
\captionwidth=\dimen153
\caption@tempdima=\dimen154
\caption@indent=\dimen155
\caption@parindent=\dimen156
\caption@hangindent=\dimen157
)
\c@ContinuedFloat=\count135
Package caption Info: hyperref package is loaded.
Package caption Info: listings package is loaded.
)
(/usr/local/texlive/2015/texmf-dist/tex/latex/float/float.sty
Package: float 2001/11/08 v1.3d Float enhancements (AL)
\c@float@type=\count136
\float@exts=\toks26
\float@box=\box60
\@float@everytoks=\toks27
\@floatcapt=\box61
)
(/usr/local/texlive/2015/texmf-dist/tex/latex/listings/lstlang1.sty
File: lstlang1.sty 2014/09/06 1.5e listings language file
)
(/usr/local/texlive/2015/texmf-dist/tex/latex/listings/lstlang1.sty
File: lstlang1.sty 2014/09/06 1.5e listings language file
)
(/usr/local/texlive/2015/texmf-dist/tex/latex/listings/lstmisc.sty
File: lstmisc.sty 2014/09/06 1.5e (Carsten Heinz)
)
(/usr/local/texlive/2015/texmf-dist/tex/latex/abstract/abstract.sty
Package: abstract 2009/06/08 v1.2a configurable abstracts
\abstitleskip=\skip50
\absleftindent=\skip51
\absrightindent=\skip52
\absparindent=\skip53
\absparsep=\skip54
)
(/usr/local/texlive/2015/texmf-dist/tex/latex/titlesec/titlesec.sty
Package: titlesec 2011/12/15 v2.10.0 Sectioning titles
\ttl@box=\box62
\beforetitleunit=\skip55
\aftertitleunit=\skip56
\ttl@plus=\dimen158
\ttl@minus=\dimen159
\ttl@toksa=\toks28
\titlewidth=\dimen160
\titlewidthlast=\dimen161
\titlewidthfirst=\dimen162
)
(/usr/local/texlive/2015/texmf-dist/tex/latex/titlesec/block.tss
File: block.tss 2011/12/15
)
(/usr/local/texlive/2015/texmf-dist/tex/latex/fancyhdr/fancyhdr.sty
\fancy@headwidth=\skip57
\f@ncyO@elh=\skip58
\f@ncyO@erh=\skip59
\f@ncyO@olh=\skip60
\f@ncyO@orh=\skip61
\f@ncyO@elf=\skip62
\f@ncyO@erf=\skip63
\f@ncyO@olf=\skip64
\f@ncyO@orf=\skip65
)
(/usr/local/texlive/2015/texmf-dist/tex/latex/caption/subcaption.sty
Package: subcaption 2013/02/03 v1.1-62 Sub-captions (AR)
\c@subfigure=\count137
\c@subtable=\count138
)
(./FYS3150_Project-5_report.aux)
\openout1 = `FYS3150_Project-5_report.aux'.

LaTeX Font Info:    Checking defaults for OML/cmm/m/it on input line 79.
LaTeX Font Info:    ... okay on input line 79.
LaTeX Font Info:    Checking defaults for T1/cmr/m/n on input line 79.
LaTeX Font Info:    ... okay on input line 79.
LaTeX Font Info:    Checking defaults for OT1/cmr/m/n on input line 79.
LaTeX Font Info:    ... okay on input line 79.
LaTeX Font Info:    Checking defaults for OMS/cmsy/m/n on input line 79.
LaTeX Font Info:    ... okay on input line 79.
LaTeX Font Info:    Checking defaults for OMX/cmex/m/n on input line 79.
LaTeX Font Info:    ... okay on input line 79.
LaTeX Font Info:    Checking defaults for U/cmr/m/n on input line 79.
LaTeX Font Info:    ... okay on input line 79.
LaTeX Font Info:    Checking defaults for PD1/pdf/m/n on input line 79.
LaTeX Font Info:    ... okay on input line 79.
\AtBeginShipoutBox=\box63
Package hyperref Info: Link coloring ON on input line 79.

(/usr/local/texlive/2015/texmf-dist/tex/latex/hyperref/nameref.sty
Package: nameref 2012/10/27 v2.43 Cross-referencing by name of section

(/usr/local/texlive/2015/texmf-dist/tex/generic/oberdiek/gettitlestring.sty
Package: gettitlestring 2010/12/03 v1.4 Cleanup title references (HO)
)
\c@section@level=\count139
)
LaTeX Info: Redefining \ref on input line 79.
LaTeX Info: Redefining \pageref on input line 79.
LaTeX Info: Redefining \nameref on input line 79.

(./FYS3150_Project-5_report.out) (./FYS3150_Project-5_report.out)
\@outlinefile=\write3
\openout3 = `FYS3150_Project-5_report.out'.

\c@lstlisting=\count140

(/usr/local/texlive/2015/texmf-dist/tex/context/base/supp-pdf.mkii
[Loading MPS to PDF converter (version 2006.09.02).]
\scratchcounter=\count141
\scratchdimen=\dimen163
\scratchbox=\box64
\nofMPsegments=\count142
\nofMParguments=\count143
\everyMPshowfont=\toks29
\MPscratchCnt=\count144
\MPscratchDim=\dimen164
\MPnumerator=\count145
\makeMPintoPDFobject=\count146
\everyMPtoPDFconversion=\toks30
) (/usr/local/texlive/2015/texmf-dist/tex/latex/oberdiek/epstopdf-base.sty
Package: epstopdf-base 2010/02/09 v2.5 Base part for package epstopdf

(/usr/local/texlive/2015/texmf-dist/tex/latex/oberdiek/grfext.sty
Package: grfext 2010/08/19 v1.1 Manage graphics extensions (HO)
)
Package grfext Info: Graphics extension search list:
(grfext)             [.png,.pdf,.jpg,.mps,.jpeg,.jbig2,.jb2,.PNG,.PDF,.JPG,.JPE
G,.JBIG2,.JB2,.eps]
(grfext)             \AppendGraphicsExtensions on input line 452.

(/usr/local/texlive/2015/texmf-dist/tex/latex/latexconfig/epstopdf-sys.cfg
File: epstopdf-sys.cfg 2010/07/13 v1.3 Configuration of (r)epstopdf for TeX Liv
e
))
LaTeX Info: Redefining \microtypecontext on input line 79.
Package microtype Info: Generating PDF output.
Package microtype Info: Character protrusion enabled (level 2).
Package microtype Info: Using default protrusion set `alltext'.
Package microtype Info: Automatic font expansion enabled (level 2),
(microtype)             stretch: 20, shrink: 20, step: 1, non-selected.
Package microtype Info: Using default expansion set `basictext'.
Package microtype Info: No adjustment of tracking.
Package microtype Info: No adjustment of interword spacing.
Package microtype Info: No adjustment of character kerning.

(/usr/local/texlive/2015/texmf-dist/tex/latex/microtype/mt-cmr.cfg
File: mt-cmr.cfg 2013/05/19 v2.2 microtype config. file: Computer Modern Roman 
(RS)
)
*geometry* driver: auto-detecting
*geometry* detected driver: pdftex
*geometry* verbose mode - [ preamble ] result:
* driver: pdftex
* paper: <default>
* layout: <same size as paper>
* layoutoffset:(h,v)=(0.0pt,0.0pt)
* hratio: 1:1
* modes: twoside 
* h-part:(L,W,R)=(92.14519pt, 430.00462pt, 92.14519pt)
* v-part:(T,H,B)=(91.04881pt, 608.5238pt, 95.39737pt)
* \paperwidth=614.295pt
* \paperheight=794.96999pt
* \textwidth=430.00462pt
* \textheight=608.5238pt
* \oddsidemargin=19.8752pt
* \evensidemargin=19.8752pt
* \topmargin=-18.22118pt
* \headheight=12.0pt
* \headsep=25.0pt
* \topskip=11.0pt
* \footskip=30.0pt
* \marginparwidth=113.0pt
* \marginparsep=10.0pt
* \columnsep=20.0pt
* \skip\footins=10.0pt plus 4.0pt minus 2.0pt
* \hoffset=0.0pt
* \voffset=0.0pt
* \mag=1000
* \@twocolumnfalse
* \@twosidetrue
* \@mparswitchtrue
* \@reversemarginfalse
* (1in=72.27pt=25.4mm, 1cm=28.453pt)

Package caption Info: Begin \AtBeginDocument code.
Package caption Info: float package is loaded.
Package caption Info: End \AtBeginDocument code.

LaTeX Font Warning: Font shape `T1/cmr/m/n' in size <15> not available
(Font)              size <14.4> substituted on input line 81.


LaTeX Font Warning: Font shape `T1/cmr/bx/n' in size <15> not available
(Font)              size <14.4> substituted on input line 81.

LaTeX Font Info:    Try loading font information for U+msa on input line 81.
(/usr/local/texlive/2015/texmf-dist/tex/latex/amsfonts/umsa.fd
File: umsa.fd 2013/01/14 v3.01 AMS symbols A
)
(/usr/local/texlive/2015/texmf-dist/tex/latex/microtype/mt-msa.cfg
File: mt-msa.cfg 2006/02/04 v1.1 microtype config. file: AMS symbols (a) (RS)
)
LaTeX Font Info:    Try loading font information for U+msb on input line 81.

(/usr/local/texlive/2015/texmf-dist/tex/latex/amsfonts/umsb.fd
File: umsb.fd 2013/01/14 v3.01 AMS symbols B
)
(/usr/local/texlive/2015/texmf-dist/tex/latex/microtype/mt-msb.cfg
File: mt-msb.cfg 2005/06/01 v1.0 microtype config. file: AMS symbols (b) (RS)
)
LaTeX Font Info:    Try loading font information for OMS+rsfs on input line 81.


(/usr/local/texlive/2015/texmf-dist/tex/latex/calrsfs/OMSrsfs.fd)
<Figures/Blausen_0657_MultipolarNeuron.png, id=74, 2509.375pt x 1618.045pt>
File: Figures/Blausen_0657_MultipolarNeuron.png Graphic file (type png)

<use Figures/Blausen_0657_MultipolarNeuron.png>
Package pdftex.def Info: Figures/Blausen_0657_MultipolarNeuron.png used on inpu
t line 102.
(pdftex.def)             Requested size: 250.9522pt x 161.81398pt.

<Figures/synapse_drawing.pdf, id=75, 1327.96124pt x 1182.4175pt>
File: Figures/synapse_drawing.pdf Graphic file (type pdf)

<use Figures/synapse_drawing.pdf>
Package pdftex.def Info: Figures/synapse_drawing.pdf used on input line 103.
(pdftex.def)             Requested size: 185.9133pt x 165.53732pt.

Overfull \hbox (6.86087pt too wide) in paragraph at lines 102--105
 [][][] 
 []

LaTeX Font Info:    Try loading font information for T1+cmtt on input line 105.

(/usr/local/texlive/2015/texmf-dist/tex/latex/base/t1cmtt.fd
File: t1cmtt.fd 2014/09/29 v2.5h Standard LaTeX font definitions
)
Package microtype Info: Loading generic settings for font family
(microtype)             `cmtt' (encoding: T1).
(microtype)             For optimal results, create family-specific settings.
(microtype)             See the microtype manual for details.

<Figures/synaptic_cleft.pdf, id=79, 294.81232pt x 89.47041pt>
File: Figures/synaptic_cleft.pdf Graphic file (type pdf)

<use Figures/synaptic_cleft.pdf>
Package pdftex.def Info: Figures/synaptic_cleft.pdf used on input line 115.
(pdftex.def)             Requested size: 294.81158pt x 89.47018pt.


Package Fancyhdr Warning: \headheight is too small (12.0pt): 
 Make it at least 13.59999pt.
 We now make it that large for the rest of the document.
 This may cause the page layout to be inconsistent, however.

[1{/usr/local/texlive/2015/texmf-var/fonts/map/pdftex/updmap/pdftex.map}

]
[2 <./Figures/Blausen_0657_MultipolarNeuron.png> <./Figures/synapse_drawing.pdf
> <./Figures/synaptic_cleft.pdf>] [3] [4] [5]
LaTeX Font Info:    Try loading font information for OMS+cmr on input line 260.


(/usr/local/texlive/2015/texmf-dist/tex/latex/base/omscmr.fd
File: omscmr.fd 2014/09/29 v2.5h Standard LaTeX font definitions
)
LaTeX Font Info:    Font shape `OMS/cmr/m/n' in size <8> not available
(Font)              Font shape `OMS/cmsy/m/n' tried instead on input line 260.
 [6] [7] [8]
[9] [10] [11] [12]
<Figures/FYS3150_project_5_differential_dx01_curved.pdf, id=330, 578.16pt x 433
.62pt>
File: Figures/FYS3150_project_5_differential_dx01_curved.pdf Graphic file (type
 pdf)
 <use Figures/FYS3150_project_5_differential_dx01_curved.pdf>
Package pdftex.def Info: Figures/FYS3150_project_5_differential_dx01_curved.pdf
 used on input line 552.
(pdftex.def)             Requested size: 210.70462pt x 145.59102pt.

<Figures/FYS3150_project_5_differential_error_dx01_curved.pdf, id=332, 578.16pt
 x 433.62pt>
File: Figures/FYS3150_project_5_differential_error_dx01_curved.pdf Graphic file
 (type pdf)

<use Figures/FYS3150_project_5_differential_error_dx01_curved.pdf>
Package pdftex.def Info: Figures/FYS3150_project_5_differential_error_dx01_curv
ed.pdf used on input line 552.
(pdftex.def)             Requested size: 210.70462pt x 145.59102pt.

<Figures/FYS3150_project_5_differential_dx001_curved.pdf, id=334, 578.16pt x 43
3.62pt>
File: Figures/FYS3150_project_5_differential_dx001_curved.pdf Graphic file (typ
e pdf)
 <use Figures/FYS3150_project_5_differential_dx001_curved.pdf>
Package pdftex.def Info: Figures/FYS3150_project_5_differential_dx001_curved.pd
f used on input line 552.
(pdftex.def)             Requested size: 210.70462pt x 145.59102pt.

<Figures/FYS3150_project_5_differential_error_dx001_curved.pdf, id=336, 578.16p
t x 433.62pt>
File: Figures/FYS3150_project_5_differential_error_dx001_curved.pdf Graphic fil
e (type pdf)

<use Figures/FYS3150_project_5_differential_error_dx001_curved.pdf>
Package pdftex.def Info: Figures/FYS3150_project_5_differential_error_dx001_cur
ved.pdf used on input line 552.
(pdftex.def)             Requested size: 210.70462pt x 145.59102pt.

<Figures/FYS3150_project_5_differential_dx01_linear.pdf, id=338, 578.16pt x 433
.62pt>
File: Figures/FYS3150_project_5_differential_dx01_linear.pdf Graphic file (type
 pdf)
 <use Figures/FYS3150_project_5_differential_dx01_linear.pdf>
Package pdftex.def Info: Figures/FYS3150_project_5_differential_dx01_linear.pdf
 used on input line 552.
(pdftex.def)             Requested size: 210.70462pt x 145.59102pt.

<Figures/FYS3150_project_5_differential_error_dx01_linear.pdf, id=340, 578.16pt
 x 433.62pt>
File: Figures/FYS3150_project_5_differential_error_dx01_linear.pdf Graphic file
 (type pdf)

<use Figures/FYS3150_project_5_differential_error_dx01_linear.pdf>
Package pdftex.def Info: Figures/FYS3150_project_5_differential_error_dx01_line
ar.pdf used on input line 552.
(pdftex.def)             Requested size: 210.70462pt x 145.59102pt.

<Figures/FYS3150_project_5_differential_dx001_linear.pdf, id=342, 578.16pt x 43
3.62pt>
File: Figures/FYS3150_project_5_differential_dx001_linear.pdf Graphic file (typ
e pdf)
 <use Figures/FYS3150_project_5_differential_dx001_linear.pdf>
Package pdftex.def Info: Figures/FYS3150_project_5_differential_dx001_linear.pd
f used on input line 552.
(pdftex.def)             Requested size: 210.70462pt x 145.59102pt.

<Figures/FYS3150_project_5_differential_error_dx001_linear.pdf, id=344, 578.16p
t x 433.62pt>
File: Figures/FYS3150_project_5_differential_error_dx001_linear.pdf Graphic fil
e (type pdf)

<use Figures/FYS3150_project_5_differential_error_dx001_linear.pdf>
Package pdftex.def Info: Figures/FYS3150_project_5_differential_error_dx001_lin
ear.pdf used on input line 552.
(pdftex.def)             Requested size: 210.70462pt x 145.59102pt.


LaTeX Warning: Float too large for page by 22.84027pt on input line 552.

<Figures/RandomWalk_constant_step_T01.pdf, id=346, 578.16pt x 433.62pt>
File: Figures/RandomWalk_constant_step_T01.pdf Graphic file (type pdf)

<use Figures/RandomWalk_constant_step_T01.pdf>
Package pdftex.def Info: Figures/RandomWalk_constant_step_T01.pdf used on input
 line 560.
(pdftex.def)             Requested size: 215.0023pt x 161.25072pt.

<Figures/RandomWalk_constant_step_T03.pdf, id=347, 578.16pt x 433.62pt>
File: Figures/RandomWalk_constant_step_T03.pdf Graphic file (type pdf)

<use Figures/RandomWalk_constant_step_T03.pdf>
Package pdftex.def Info: Figures/RandomWalk_constant_step_T03.pdf used on input
 line 561.
(pdftex.def)             Requested size: 215.0023pt x 161.25072pt.

<Figures/RandomWalk_gaussian_step_T01.pdf, id=348, 578.16pt x 433.62pt>
File: Figures/RandomWalk_gaussian_step_T01.pdf Graphic file (type pdf)

<use Figures/RandomWalk_gaussian_step_T01.pdf>
Package pdftex.def Info: Figures/RandomWalk_gaussian_step_T01.pdf used on input
 line 567.
(pdftex.def)             Requested size: 215.0023pt x 161.25072pt.

<Figures/RandomWalk_gaussian_step_T03.pdf, id=349, 578.16pt x 433.62pt>
File: Figures/RandomWalk_gaussian_step_T03.pdf Graphic file (type pdf)

<use Figures/RandomWalk_gaussian_step_T03.pdf>
Package pdftex.def Info: Figures/RandomWalk_gaussian_step_T03.pdf used on input
 line 568.
(pdftex.def)             Requested size: 215.0023pt x 161.25072pt.

<Figures/RandomWalk_gaussian_step_T05.pdf, id=350, 578.16pt x 433.62pt>
File: Figures/RandomWalk_gaussian_step_T05.pdf Graphic file (type pdf)

<use Figures/RandomWalk_gaussian_step_T05.pdf>
Package pdftex.def Info: Figures/RandomWalk_gaussian_step_T05.pdf used on input
 line 569.
(pdftex.def)             Requested size: 215.0023pt x 161.25072pt.
 [13] [14 <./Figures/FYS3150_project_5_differential_dx01_curved.pdf> <./Figures
/FYS3150_project_5_differential_error_dx01_curved.pdf> <./Figures/FYS3150_proje
ct_5_differential_dx001_curved.pdf> <./Figures/FYS3150_project_5_differential_e
rror_dx001_curved.pdf> <./Figures/FYS3150_project_5_differential_dx01_linear.pd
f> <./Figures/FYS3150_project_5_differential_error_dx01_linear.pdf> <./Figures/
FYS3150_project_5_differential_dx001_linear.pdf> <./Figures/FYS3150_project_5_d
ifferential_error_dx001_linear.pdf>] [15 <./Figures/RandomWalk_constant_step_T0
1.pdf> <./Figures/RandomWalk_constant_step_T03.pdf

pdfTeX warning: /Library/TeX/texbin/pdflatex (file ./Figures/RandomWalk_constan
t_step_T03.pdf): PDF inclusion: multiple pdfs with page group included in a sin
gle page
> <./Figures/RandomWalk_gaussian_step_T01.pdf

pdfTeX warning: /Library/TeX/texbin/pdflatex (file ./Figures/RandomWalk_gaussia
n_step_T01.pdf): PDF inclusion: multiple pdfs with page group included in a sin
gle page
> <./Figures/RandomWalk_gaussian_step_T03.pdf

pdfTeX warning: /Library/TeX/texbin/pdflatex (file ./Figures/RandomWalk_gaussia
n_step_T03.pdf): PDF inclusion: multiple pdfs with page group included in a sin
gle page
> <./Figures/RandomWalk_gaussian_step_T05.pdf

pdfTeX warning: /Library/TeX/texbin/pdflatex (file ./Figures/RandomWalk_gaussia
n_step_T05.pdf): PDF inclusion: multiple pdfs with page group included in a sin
gle page
>] (./FYS3150_Project-5_report.bbl)
Package atveryend Info: Empty hook `BeforeClearDocument' on input line 594.
 [16]
Package atveryend Info: Empty hook `AfterLastShipout' on input line 594.
 (./FYS3150_Project-5_report.aux)
Package atveryend Info: Executing hook `AtVeryEndDocument' on input line 594.
Package atveryend Info: Executing hook `AtEndAfterFileList' on input line 594.
Package rerunfilecheck Info: File `FYS3150_Project-5_report.out' has not change
d.
(rerunfilecheck)             Checksum: BEB904AE1FE6E28E5748AD1BC62A8CFF;1171.


LaTeX Font Warning: Size substitutions with differences
(Font)              up to 0.6pt have occurred.

Package atveryend Info: Empty hook `AtVeryVeryEnd' on input line 594.
 ) 
Here is how much of TeX's memory you used:
 12781 strings out of 493089
 196121 string characters out of 6134841
 356135 words of memory out of 5000000
 15775 multiletter control sequences out of 15000+600000
 32497 words of font info for 148 fonts, out of 8000000 for 9000
 1141 hyphenation exceptions out of 8191
 53i,14n,97p,746b,1257s stack positions out of 5000i,500n,10000p,200000b,80000s
{/usr/local/texlive/2015/texmf-dist/fonts/enc/dvips/cm-super/cm-super-t1.enc}
</usr/local/texlive/2015/texmf-dist/fonts/type1/public/amsfonts/cm/cmbx10.pfb><
/usr/local/texlive/2015/texmf-dist/fonts/type1/public/amsfonts/cm/cmex10.pfb></
usr/local/texlive/2015/texmf-dist/fonts/type1/public/amsfonts/cm/cmmi10.pfb></u
sr/local/texlive/2015/texmf-dist/fonts/type1/public/amsfonts/cm/cmmi8.pfb></usr
/local/texlive/2015/texmf-dist/fonts/type1/public/amsfonts/cm/cmr10.pfb></usr/l
ocal/texlive/2015/texmf-dist/fonts/type1/public/amsfonts/cm/cmr6.pfb></usr/loca
l/texlive/2015/texmf-dist/fonts/type1/public/amsfonts/cm/cmr7.pfb></usr/local/t
exlive/2015/texmf-dist/fonts/type1/public/amsfonts/cm/cmr8.pfb></usr/local/texl
ive/2015/texmf-dist/fonts/type1/public/amsfonts/cm/cmsy10.pfb></usr/local/texli
ve/2015/texmf-dist/fonts/type1/public/amsfonts/cm/cmsy8.pfb></usr/local/texlive
/2015/texmf-dist/fonts/type1/public/rsfs/rsfs10.pfb></usr/local/texlive/2015/te
xmf-dist/fonts/type1/public/cm-super/sfbx1095.pfb></usr/local/texlive/2015/texm
f-dist/fonts/type1/public/cm-super/sfbx1440.pfb></usr/local/texlive/2015/texmf-
dist/fonts/type1/public/cm-super/sfrm0800.pfb></usr/local/texlive/2015/texmf-di
st/fonts/type1/public/cm-super/sfrm1000.pfb></usr/local/texlive/2015/texmf-dist
/fonts/type1/public/cm-super/sfrm1095.pfb></usr/local/texlive/2015/texmf-dist/f
onts/type1/public/cm-super/sfrm1200.pfb></usr/local/texlive/2015/texmf-dist/fon
ts/type1/public/cm-super/sfti1000.pfb></usr/local/texlive/2015/texmf-dist/fonts
/type1/public/cm-super/sfti1095.pfb></usr/local/texlive/2015/texmf-dist/fonts/t
ype1/public/cm-super/sftt0800.pfb></usr/local/texlive/2015/texmf-dist/fonts/typ
e1/public/cm-super/sftt1095.pfb></usr/local/texlive/2015/texmf-dist/fonts/type1
/public/cm-super/sfxc1000.pfb></usr/local/texlive/2015/texmf-dist/fonts/type1/p
ublic/cm-super/sfxc1095.pfb></usr/local/texlive/2015/texmf-dist/fonts/type1/pub
lic/cm-super/sfxc1200.pfb></usr/local/texlive/2015/texmf-dist/fonts/type1/publi
c/cm-super/sfxc1440.pfb>
Output written on FYS3150_Project-5_report.pdf (16 pages, 3169868 bytes).
PDF statistics:
 1160 PDF objects out of 1200 (max. 8388607)
 573 compressed objects within 6 object streams
 116 named destinations out of 1000 (max. 500000)
 30473 words of extra memory for PDF output out of 35830 (max. 10000000)

